Removed Pin From Net: NetName=USB-TX Pin=U1-10
Removed Pin From Net: NetName=USB-RX Pin=U1-11
Removed Pin From Net: NetName=STRAIN_E- Pin=U1-20
Removed Pin From Net: NetName=MAG_CLK Pin=U1-21
Removed Pin From Net: NetName=MAG_CSN Pin=U1-22
Removed Pin From Net: NetName=MAG_DO Pin=U1-23
Removed Pin From Net: NetName=STRAIN_DO Pin=U1-24
Removed Pin From Net: NetName=STRAIN_SCK Pin=U1-25
Removed Pin From Net: NetName=LED_DATA_3V3 Pin=U1-26
Removed Pin From Net: NetName=SCL Pin=U1-27
Removed Pin From Net: NetName=SDA Pin=U1-28
Removed Pin From Net: NetName=TMC_DIAG Pin=U1-33
Removed Pin From Net: NetName=TMC_VL Pin=U1-34
Removed Pin From Net: NetName=TMC_WL Pin=U1-35
Removed Pin From Net: NetName=TMC_UL Pin=U1-36
Removed Pin From Net: NetName=TMC_WH Pin=U1-37
Removed Pin From Net: NetName=TMC_VH Pin=U1-38
Removed Pin From Net: NetName=TMC_UH Pin=U1-39
Removed Member From Class: ClassName=Schematic Member=U1
Change Component Footprint: Designator=U3 Old Footprint=封装.HX711 New Footprint=封装.HX711
Change Managed Component Library Link : Designator=U3 Old VaultGUID=47F265E7-719F-4B17-94BD-0226BA035E24 New VaultGUID=47F265E7-719F-4B17-94BD-0226BA035E24 Old ItemGUID=46B45BAE-8AD6-4602-BA1F-D8CC357F16E4 New ItemGUID=9994BB54-732B-42D2-ACFE-3128320F080B Old RevisionGUID=1EF43F90-AC1C-42BD-8CDD-4B846C034993 New RevisionGUID=DF869C6C-1631-46B1-9C26-207D8BB5DD32
Added Component: Designator=*(封装.SN74LV1T34DBVR)
Add component (AddParameter): Name = "Design Item ID"; Value = "SN74LV1T34DBV"; VariantName = "[No Variations]"
Add component (AddParameter): Name = "Source"; Value = "IC.SchLib"; VariantName = "[No Variations]"
Added Component: Designator=51单片机主控MCU(封装.STC89C51-PDIP-40)
Add component (AddParameter): Name = "Design Item ID"; Value = "STC89C51-PDIP-40"; VariantName = "[No Variations]"
Add component (AddParameter): Name = "Source"; Value = "IC.SchLib"; VariantName = "[No Variations]"
Add Component: Footprint Not Found CAPC1005X56X25LL10T15
Add Component: Footprint Not Found CAPC1005X56X25LL10T15
Add Component: Footprint Not Found CAPC1005X56X25LL10T15
Add Component: Footprint Not Found CAPC1005X56X25LL10T15
Add Component: Footprint Not Found CAPC1005X56X25LL10T15
Add Component: Footprint Not Found CAPC1005X56X25LL10T15
Add Component: Footprint Not Found CAPC1005X56X25LL10T15
Add Component: Footprint Not Found CAPC1005X56X25LL10T15
Add Component: Footprint Not Found CAPC1005X56X25LL10T15
Add Component: Footprint Not Found CAPC1005X56X25LL10T15
Add Component: Footprint Not Found CAPC1005X56X25LL10T15
Add Component: Footprint Not Found CAPC1005X56X25LL10T15
Add Component: Footprint Not Found CAPC1005X56X25LL10T15
Add Component: Footprint Not Found CAPC1005X56X25LL10T15
Add Component: Footprint Not Found CAPC1005X56X25LL10T15
Add Component: Footprint Not Found CAPC1005X56X25LL10T15
Add Component: Footprint Not Found CAPC1005X56X25LL10T15
Add Component: Footprint Not Found CAPC1005X56X25LL10T15
Add Component: Footprint Not Found CAPC1005X56X25LL10T15
Add Component: Footprint Not Found CAPC1005X56X25LL10T15
Add Component: Footprint Not Found CAPC1005X56X25LL10T15
Add Component: Footprint Not Found CAPC1005X56X25LL10T15
Add Component: Footprint Not Found CAPC1005X56X25LL10T15
Add Component: Footprint Not Found CAPC1005X56X25LL10T15
Added Component: Designator=U6(封装.VEML7700)
Add component (AddParameter): Name = "Design Item ID"; Value = "VEML7700"; VariantName = "[No Variations]"
Add component (AddParameter): Name = "Source"; Value = "IC.SchLib"; VariantName = "[No Variations]"
Added Component: Designator=U9(封装.AP2114HA-3.3TRG1)
Add component (AddParameter): Name = "Design Item ID"; Value = "AP2114HA-3.3"; VariantName = "[No Variations]"
Add component (AddParameter): Name = "Source"; Value = "IC.SchLib"; VariantName = "[No Variations]"
Added Pin To Net: NetName=LED_DATA_3V3 Pin=*-2
Added Pin To Net: NetName=STRAIN_E- Pin=*-3
Added Pin To Net: NetName=LED_DATA_5V Pin=*-4
Added Pin To Net: NetName=+5V Pin=*-5
Added Pin To Net: NetName=USB-TX Pin=51单片机主控MCU-10
Added Pin To Net: NetName=USB-RX Pin=51单片机主控MCU-11
Added Pin To Net: NetName=STRAIN_E- Pin=51单片机主控MCU-20
Added Pin To Net: NetName=MAG_CLK Pin=51单片机主控MCU-21
Added Pin To Net: NetName=MAG_CSN Pin=51单片机主控MCU-22
Added Pin To Net: NetName=MAG_DO Pin=51单片机主控MCU-23
Added Pin To Net: NetName=STRAIN_DO Pin=51单片机主控MCU-24
Added Pin To Net: NetName=STRAIN_SCK Pin=51单片机主控MCU-25
Added Pin To Net: NetName=LED_DATA_3V3 Pin=51单片机主控MCU-26
Added Pin To Net: NetName=SCL Pin=51单片机主控MCU-27
Added Pin To Net: NetName=SDA Pin=51单片机主控MCU-28
Added Pin To Net: NetName=TMC_DIAG Pin=51单片机主控MCU-33
Added Pin To Net: NetName=TMC_VL Pin=51单片机主控MCU-34
Added Pin To Net: NetName=TMC_WL Pin=51单片机主控MCU-35
Added Pin To Net: NetName=TMC_UL Pin=51单片机主控MCU-36
Added Pin To Net: NetName=TMC_WH Pin=51单片机主控MCU-37
Added Pin To Net: NetName=TMC_VH Pin=51单片机主控MCU-38
Added Pin To Net: NetName=TMC_UH Pin=51单片机主控MCU-39
Add Pin To Net: Unknown Pin: Pin C0-1
Add Pin To Net: Unknown Pin: Pin C0-2
Add Pin To Net: Unknown Pin: Pin C1-1
Add Pin To Net: Unknown Pin: Pin C1-2
Add Pin To Net: Unknown Pin: Pin C2-1
Add Pin To Net: Unknown Pin: Pin C2-2
Add Pin To Net: Unknown Pin: Pin C3-1
Add Pin To Net: Unknown Pin: Pin C3-2
Add Pin To Net: Unknown Pin: Pin C4-1
Add Pin To Net: Unknown Pin: Pin C4-2
Add Pin To Net: Unknown Pin: Pin C5-1
Add Pin To Net: Unknown Pin: Pin C5-2
Add Pin To Net: Unknown Pin: Pin C6-1
Add Pin To Net: Unknown Pin: Pin C6-2
Add Pin To Net: Unknown Pin: Pin C7-1
Add Pin To Net: Unknown Pin: Pin C7-2
Add Pin To Net: Unknown Pin: Pin C8-1
Add Pin To Net: Unknown Pin: Pin C8-2
Add Pin To Net: Unknown Pin: Pin C9-1
Add Pin To Net: Unknown Pin: Pin C9-2
Add Pin To Net: Unknown Pin: Pin C10-1
Add Pin To Net: Unknown Pin: Pin C10-2
Add Pin To Net: Unknown Pin: Pin C11-1
Add Pin To Net: Unknown Pin: Pin C11-2
Add Pin To Net: Unknown Pin: Pin C12-1
Add Pin To Net: Unknown Pin: Pin C12-2
Add Pin To Net: Unknown Pin: Pin C13-1
Add Pin To Net: Unknown Pin: Pin C13-2
Add Pin To Net: Unknown Pin: Pin C14-1
Add Pin To Net: Unknown Pin: Pin C14-2
Add Pin To Net: Unknown Pin: Pin C15-1
Add Pin To Net: Unknown Pin: Pin C15-2
Add Pin To Net: Unknown Pin: Pin C16-1
Add Pin To Net: Unknown Pin: Pin C16-2
Add Pin To Net: Unknown Pin: Pin C17-1
Add Pin To Net: Unknown Pin: Pin C17-2
Add Pin To Net: Unknown Pin: Pin C18-1
Add Pin To Net: Unknown Pin: Pin C18-2
Add Pin To Net: Unknown Pin: Pin C19-1
Add Pin To Net: Unknown Pin: Pin C19-2
Add Pin To Net: Unknown Pin: Pin C20-1
Add Pin To Net: Unknown Pin: Pin C20-2
Add Pin To Net: Unknown Pin: Pin C21-1
Add Pin To Net: Unknown Pin: Pin C21-2
Add Pin To Net: Unknown Pin: Pin Cin-1
Add Pin To Net: Unknown Pin: Pin Cin-2
Add Pin To Net: Unknown Pin: Pin Cout-1
Add Pin To Net: Unknown Pin: Pin Cout-2
Add Pin To Net: Unknown Pin: Pin LED1-1
Add Pin To Net: Unknown Pin: Pin LED1-2
Add Pin To Net: Unknown Pin: Pin LED1-3
Add Pin To Net: Unknown Pin: Pin LED1-4
Add Pin To Net: Unknown Pin: Pin LED2-1
Add Pin To Net: Unknown Pin: Pin LED2-2
Add Pin To Net: Unknown Pin: Pin LED2-3
Add Pin To Net: Unknown Pin: Pin LED2-4
Add Pin To Net: Unknown Pin: Pin LED3-1
Add Pin To Net: Unknown Pin: Pin LED3-2
Add Pin To Net: Unknown Pin: Pin LED3-3
Add Pin To Net: Unknown Pin: Pin LED3-4
Add Pin To Net: Unknown Pin: Pin LED4-1
Add Pin To Net: Unknown Pin: Pin LED4-2
Add Pin To Net: Unknown Pin: Pin LED4-3
Add Pin To Net: Unknown Pin: Pin LED4-4
Add Pin To Net: Unknown Pin: Pin LED5-1
Add Pin To Net: Unknown Pin: Pin LED5-2
Add Pin To Net: Unknown Pin: Pin LED5-3
Add Pin To Net: Unknown Pin: Pin LED5-4
Add Pin To Net: Unknown Pin: Pin LED6-1
Add Pin To Net: Unknown Pin: Pin LED6-2
Add Pin To Net: Unknown Pin: Pin LED6-3
Add Pin To Net: Unknown Pin: Pin LED6-4
Add Pin To Net: Unknown Pin: Pin LED7-1
Add Pin To Net: Unknown Pin: Pin LED7-2
Add Pin To Net: Unknown Pin: Pin LED7-3
Add Pin To Net: Unknown Pin: Pin LED7-4
Add Pin To Net: Unknown Pin: Pin LED8-1
Add Pin To Net: Unknown Pin: Pin LED8-2
Add Pin To Net: Unknown Pin: Pin LED8-4
Add Pin To Net: Unknown Pin: Pin TMC1-2
Add Pin To Net: Unknown Pin: Pin TMC1-3
Add Pin To Net: Unknown Pin: Pin TMC1-4
Add Pin To Net: Unknown Pin: Pin TMC1-5
Add Pin To Net: Unknown Pin: Pin TMC1-6
Add Pin To Net: Unknown Pin: Pin TMC1-7
Add Pin To Net: Unknown Pin: Pin TMC1-8
Add Pin To Net: Unknown Pin: Pin TMC1-9
Add Pin To Net: Unknown Pin: Pin TMC1-10
Add Pin To Net: Unknown Pin: Pin TMC1-11
Add Pin To Net: Unknown Pin: Pin TMC1-12
Add Pin To Net: Unknown Pin: Pin TMC1-13
Add Pin To Net: Unknown Pin: Pin TMC1-14
Add Pin To Net: Unknown Pin: Pin TMC1-16
Add Pin To Net: Unknown Pin: Pin TMC1-18
Add Pin To Net: Unknown Pin: Pin TMC1-20
Add Pin To Net: Unknown Pin: Pin TMC1-PAD
Add Pin To Net: Unknown Pin: Pin U4-1
Add Pin To Net: Unknown Pin: Pin U4-2
Add Pin To Net: Unknown Pin: Pin U4-4
Add Pin To Net: Unknown Pin: Pin U4-6
Add Pin To Net: Unknown Pin: Pin U4-7
Add Pin To Net: Unknown Pin: Pin U4-8
Added Pin To Net: NetName=SCL Pin=U6-1
Added Pin To Net: NetName=+3.3V Pin=U6-2
Added Pin To Net: NetName=STRAIN_E- Pin=U6-3
Added Pin To Net: NetName=SDA Pin=U6-4
Add Pin To Net: Unknown Pin: Pin U7-1
Add Pin To Net: Unknown Pin: Pin U7-2
Add Pin To Net: Unknown Pin: Pin U7-3
Add Pin To Net: Unknown Pin: Pin U7-4
Added Pin To Net: NetName=STRAIN_E- Pin=U9-3
Added Pin To Net: NetName=STRAIN_E- Pin=U9-4
Added Pin To Net: NetName=NetU9_1 Pin=U9-1
Added Net: Name=NetU9_1
Added Pin To Net: NetName=NetU9_2 Pin=U9-2
Added Net: Name=NetU9_2
Added Member To Class: ClassName=Schematic Member=Component * SN74LV1T34DBV
Added Member To Class: ClassName=Schematic Member=Component 51单片机主控MCU STC89C51-PDIP-40
Add Class Member: Failed to add class member : Component C0 Capacitor 0.1 uF +/- 5% 16 V 0402
Add Class Member: Failed to add class member : Component C1 Capacitor 0.1 uF +/- 5% 16 V 0402
Add Class Member: Failed to add class member : Component C2 Capacitor 0.1 uF +/- 5% 16 V 0402
Add Class Member: Failed to add class member : Component C3 Capacitor 0.1 uF +/- 5% 16 V 0402
Add Class Member: Failed to add class member : Component C4 Capacitor 0.1 uF +/- 5% 16 V 0402
Add Class Member: Failed to add class member : Component C5 Capacitor 0.1 uF +/- 5% 16 V 0402
Add Class Member: Failed to add class member : Component C6 Capacitor 0.1 uF +/- 5% 16 V 0402
Add Class Member: Failed to add class member : Component C7 Capacitor 0.1 uF +/- 5% 16 V 0402
Add Class Member: Failed to add class member : Component C8 Capacitor 0.1 uF +/- 5% 16 V 0402
Add Class Member: Failed to add class member : Component C9 Capacitor 0.1 uF +/- 5% 16 V 0402
Add Class Member: Failed to add class member : Component C10 Capacitor 0.1 uF +/- 5% 16 V 0402
Add Class Member: Failed to add class member : Component C11 Capacitor 0.1 uF +/- 5% 16 V 0402
Add Class Member: Failed to add class member : Component C12 Capacitor 0.1 uF +/- 5% 16 V 0402
Add Class Member: Failed to add class member : Component C13 Capacitor 0.1 uF +/- 5% 16 V 0402
Add Class Member: Failed to add class member : Component C14 Capacitor 0.1 uF +/- 5% 16 V 0402
Add Class Member: Failed to add class member : Component C15 Capacitor 0.1 uF +/- 5% 16 V 0402
Add Class Member: Failed to add class member : Component C16 Capacitor 0.1 uF +/- 5% 16 V 0402
Add Class Member: Failed to add class member : Component C17 Capacitor 0.1 uF +/- 5% 16 V 0402
Add Class Member: Failed to add class member : Component C18 Capacitor 0.1 uF +/- 5% 16 V 0402
Add Class Member: Failed to add class member : Component C19 Capacitor 0.1 uF +/- 5% 16 V 0402
Add Class Member: Failed to add class member : Component C20 Capacitor 0.1 uF +/- 5% 16 V 0402
Add Class Member: Failed to add class member : Component C21 Capacitor 0.1 uF +/- 5% 16 V 0402
Add Class Member: Failed to add class member : Component Cin Capacitor 0.1 uF +/- 5% 16 V 0402
Add Class Member: Failed to add class member : Component Cout Capacitor 0.1 uF +/- 5% 16 V 0402
Add Class Member: Failed to add class member : Component LED1 SK6812SIDE-A
Add Class Member: Failed to add class member : Component LED2 SK6812SIDE-A
Add Class Member: Failed to add class member : Component LED3 SK6812SIDE-A
Add Class Member: Failed to add class member : Component LED4 SK6812SIDE-A
Add Class Member: Failed to add class member : Component LED5 SK6812SIDE-A
Add Class Member: Failed to add class member : Component LED6 SK6812SIDE-A
Add Class Member: Failed to add class member : Component LED7 SK6812SIDE-A
Add Class Member: Failed to add class member : Component LED8 SK6812SIDE-A
Add Class Member: Failed to add class member : Component TMC1 U2
Add Class Member: Failed to add class member : Component U4 MT6701
Added Member To Class: ClassName=Schematic Member=Component U6 VEML7700
Add Class Member: Failed to add class member : Component U7 USB
Added Member To Class: ClassName=Schematic Member=Component U9 AP2114HA-3.3
