Added Component: Designator=C?(0805Ã˘∆¨µÁ»›)
Add component (AddParameter): Name = "Capacitor Type"; Value = "Ceramic"; VariantName = "[No Variations]"
Add component (AddParameter): Name = "Case/Package"; Value = "0402"; VariantName = "[No Variations]"
Add component (AddParameter): Name = "Max Operating Temperature"; Value = "125°„C"; VariantName = "[No Variations]"
Add component (AddParameter): Name = "Min Operating Temperature"; Value = "-55°„C"; VariantName = "[No Variations]"
Add component (AddParameter): Name = "Mounting Technology"; Value = "SM"; VariantName = "[No Variations]"
Add component (AddParameter): Name = "Pins"; Value = "2"; VariantName = "[No Variations]"
Add component (AddParameter): Name = "Ripple Current"; Value = ""; VariantName = "[No Variations]"
Add component (AddParameter): Name = "Ripple Current (AC)"; Value = ""; VariantName = "[No Variations]"
Add component (AddParameter): Name = "RoHS Compliant"; Value = "True"; VariantName = "[No Variations]"
Add component (AddParameter): Name = "Tolerance"; Value = "5%"; VariantName = "[No Variations]"
Add component (AddParameter): Name = "Value"; Value = "100nF"; VariantName = "[No Variations]"
Add component (AddParameter): Name = "Voltage Rating"; Value = "16V"; VariantName = "[No Variations]"
Added Component: Designator=LINK1(LINK)
Add component (AddParameter): Name = "Design Item ID"; Value = "LINK"; VariantName = "[No Variations]"
Add component (AddParameter): Name = "Source"; Value = "Board.SchLib"; VariantName = "[No Variations]"
Added Pin To Net: NetName=STRAIN_E- Pin=C?-1
Added Pin To Net: NetName=STRAIN_E- Pin=LINK1-2
Added Pin To Net: NetName=LCD_BACKLIGHT Pin=LINK1-6
Added Pin To Net: NetName=LCD_BACKLIGHT Pin=U1-6
Added Net: Name=LCD_BACKLIGHT
Added Pin To Net: NetName=LCD_CMD Pin=LINK1-8
Added Pin To Net: NetName=LCD_CMD Pin=U1-8
Added Net: Name=LCD_CMD
Added Pin To Net: NetName=LCD_CS Pin=LINK1-7
Added Pin To Net: NetName=LCD_CS Pin=U1-7
Added Net: Name=LCD_CS
Added Pin To Net: NetName=LCD_DATA Pin=LINK1-5
Added Pin To Net: NetName=LCD_DATA Pin=U1-5
Added Net: Name=LCD_DATA
Added Pin To Net: NetName=LCD_RST Pin=LINK1-3
Added Pin To Net: NetName=LCD_RST Pin=U1-3
Added Net: Name=LCD_RST
Added Pin To Net: NetName=LCD_SCK Pin=LINK1-4
Added Pin To Net: NetName=LCD_SCK Pin=U1-4
Added Net: Name=LCD_SCK
Added Pin To Net: NetName=VCC Pin=C?-2
Added Pin To Net: NetName=VCC Pin=LINK1-1
Added Net: Name=VCC
Change Class Name : Old Net Name=Schematic New Net Name=Board
Added Member To Class: ClassName=Board Member=Component C? Capacitor 0.1 uF +/- 5% 16 V 0402
Added Member To Class: ClassName=Board Member=Component LINK1 LINK
