Removed Pin From Net: NetName=+5V Pin=U9-1
Removed Pin From Net: NetName=+3.3V Pin=U9-2
Added Component: Designator=P1(2.54管脚)
Add component (AddParameter): Name = "Design Item ID"; Value = "4P"; VariantName = "[No Variations]"
Add component (AddParameter): Name = "Source"; Value = "Board.SchLib"; VariantName = "[No Variations]"
Added Component: Designator=P2(2.54管脚)
Add component (AddParameter): Name = "Design Item ID"; Value = "4P"; VariantName = "[No Variations]"
Add component (AddParameter): Name = "Source"; Value = "Board.SchLib"; VariantName = "[No Variations]"
Added Component: Designator=P3(2.54管脚)
Add component (AddParameter): Name = "Design Item ID"; Value = "4P"; VariantName = "[No Variations]"
Add component (AddParameter): Name = "Source"; Value = "Board.SchLib"; VariantName = "[No Variations]"
Added Component: Designator=P4(2.54管脚)
Add component (AddParameter): Name = "Design Item ID"; Value = "4P"; VariantName = "[No Variations]"
Add component (AddParameter): Name = "Source"; Value = "Board.SchLib"; VariantName = "[No Variations]"
Added Component: Designator=P5(2.54管脚)
Add component (AddParameter): Name = "Design Item ID"; Value = "4P"; VariantName = "[No Variations]"
Add component (AddParameter): Name = "Source"; Value = "Board.SchLib"; VariantName = "[No Variations]"
Added Component: Designator=P6(2.54管脚)
Add component (AddParameter): Name = "Design Item ID"; Value = "4P"; VariantName = "[No Variations]"
Add component (AddParameter): Name = "Source"; Value = "Board.SchLib"; VariantName = "[No Variations]"
Added Component: Designator=P7(2.54管脚)
Add component (AddParameter): Name = "Design Item ID"; Value = "4P"; VariantName = "[No Variations]"
Add component (AddParameter): Name = "Source"; Value = "Board.SchLib"; VariantName = "[No Variations]"
Added Component: Designator=P8(2.54管脚)
Add component (AddParameter): Name = "Design Item ID"; Value = "4P"; VariantName = "[No Variations]"
Add component (AddParameter): Name = "Source"; Value = "Board.SchLib"; VariantName = "[No Variations]"
Added Component: Designator=P9(2.54管脚)
Add component (AddParameter): Name = "Design Item ID"; Value = "4P"; VariantName = "[No Variations]"
Add component (AddParameter): Name = "Source"; Value = "Board.SchLib"; VariantName = "[No Variations]"
Added Component: Designator=P10(2.54管脚)
Add component (AddParameter): Name = "Design Item ID"; Value = "4P"; VariantName = "[No Variations]"
Add component (AddParameter): Name = "Source"; Value = "Board.SchLib"; VariantName = "[No Variations]"
Added Component: Designator=P11(2.54管脚)
Add component (AddParameter): Name = "Design Item ID"; Value = "4P"; VariantName = "[No Variations]"
Add component (AddParameter): Name = "Source"; Value = "Board.SchLib"; VariantName = "[No Variations]"
Added Component: Designator=P12(2.54管脚)
Add component (AddParameter): Name = "Design Item ID"; Value = "4P"; VariantName = "[No Variations]"
Add component (AddParameter): Name = "Source"; Value = "Board.SchLib"; VariantName = "[No Variations]"
Added Component: Designator=P13(2.54管脚)
Add component (AddParameter): Name = "Design Item ID"; Value = "4P"; VariantName = "[No Variations]"
Add component (AddParameter): Name = "Source"; Value = "Board.SchLib"; VariantName = "[No Variations]"
Added Component: Designator=P14(2.54管脚)
Add component (AddParameter): Name = "Design Item ID"; Value = "4P"; VariantName = "[No Variations]"
Add component (AddParameter): Name = "Source"; Value = "Board.SchLib"; VariantName = "[No Variations]"
Added Component: Designator=P15(2.54管脚)
Add component (AddParameter): Name = "Design Item ID"; Value = "4P"; VariantName = "[No Variations]"
Add component (AddParameter): Name = "Source"; Value = "Board.SchLib"; VariantName = "[No Variations]"
Added Component: Designator=P16(2.54管脚)
Add component (AddParameter): Name = "Design Item ID"; Value = "4P"; VariantName = "[No Variations]"
Add component (AddParameter): Name = "Source"; Value = "Board.SchLib"; VariantName = "[No Variations]"
Added Component: Designator=P17(2.54管脚)
Add component (AddParameter): Name = "Design Item ID"; Value = "4P"; VariantName = "[No Variations]"
Add component (AddParameter): Name = "Source"; Value = "Board.SchLib"; VariantName = "[No Variations]"
Added Component: Designator=P18(2.54管脚)
Add component (AddParameter): Name = "Design Item ID"; Value = "4P"; VariantName = "[No Variations]"
Add component (AddParameter): Name = "Source"; Value = "Board.SchLib"; VariantName = "[No Variations]"
Added Component: Designator=P19(2.54管脚)
Add component (AddParameter): Name = "Design Item ID"; Value = "4P"; VariantName = "[No Variations]"
Add component (AddParameter): Name = "Source"; Value = "Board.SchLib"; VariantName = "[No Variations]"
Added Component: Designator=P20(2.54管脚)
Add component (AddParameter): Name = "Design Item ID"; Value = "4P"; VariantName = "[No Variations]"
Add component (AddParameter): Name = "Source"; Value = "Board.SchLib"; VariantName = "[No Variations]"
Added Component: Designator=P21(2.54管脚)
Add component (AddParameter): Name = "Design Item ID"; Value = "4P"; VariantName = "[No Variations]"
Add component (AddParameter): Name = "Source"; Value = "Board.SchLib"; VariantName = "[No Variations]"
Added Component: Designator=R7(0805贴片电容)
Add component (AddParameter): Name = "Case/Package"; Value = "0402"; VariantName = "[No Variations]"
Add component (AddParameter): Name = "Max Operating Temperature"; Value = ""; VariantName = "[No Variations]"
Add component (AddParameter): Name = "Min Operating Temperature"; Value = ""; VariantName = "[No Variations]"
Add component (AddParameter): Name = "Mounting Technology"; Value = "SMT"; VariantName = "[No Variations]"
Add component (AddParameter): Name = "Pins"; Value = "2"; VariantName = "[No Variations]"
Add component (AddParameter): Name = "Power"; Value = "63mW"; VariantName = "[No Variations]"
Add component (AddParameter): Name = "RoHS Compliant"; Value = ""; VariantName = "[No Variations]"
Add component (AddParameter): Name = "Tolerance"; Value = "1%"; VariantName = "[No Variations]"
Add component (AddParameter): Name = "Value"; Value = "330"; VariantName = "[No Variations]"
Add component (AddParameter): Name = "Voltage Rating"; Value = ""; VariantName = "[No Variations]"
Added Component: Designator=R8(0805贴片电容)
Add component (AddParameter): Name = "Case/Package"; Value = "0402"; VariantName = "[No Variations]"
Add component (AddParameter): Name = "Max Operating Temperature"; Value = ""; VariantName = "[No Variations]"
Add component (AddParameter): Name = "Min Operating Temperature"; Value = ""; VariantName = "[No Variations]"
Add component (AddParameter): Name = "Mounting Technology"; Value = "SMT"; VariantName = "[No Variations]"
Add component (AddParameter): Name = "Pins"; Value = "2"; VariantName = "[No Variations]"
Add component (AddParameter): Name = "Power"; Value = "63mW"; VariantName = "[No Variations]"
Add component (AddParameter): Name = "RoHS Compliant"; Value = ""; VariantName = "[No Variations]"
Add component (AddParameter): Name = "Tolerance"; Value = "1%"; VariantName = "[No Variations]"
Add component (AddParameter): Name = "Value"; Value = "330"; VariantName = "[No Variations]"
Add component (AddParameter): Name = "Voltage Rating"; Value = ""; VariantName = "[No Variations]"
Added Component: Designator=R9(0805贴片电容)
Add component (AddParameter): Name = "Case/Package"; Value = "0402"; VariantName = "[No Variations]"
Add component (AddParameter): Name = "Max Operating Temperature"; Value = ""; VariantName = "[No Variations]"
Add component (AddParameter): Name = "Min Operating Temperature"; Value = ""; VariantName = "[No Variations]"
Add component (AddParameter): Name = "Mounting Technology"; Value = "SMT"; VariantName = "[No Variations]"
Add component (AddParameter): Name = "Pins"; Value = "2"; VariantName = "[No Variations]"
Add component (AddParameter): Name = "Power"; Value = "63mW"; VariantName = "[No Variations]"
Add component (AddParameter): Name = "RoHS Compliant"; Value = ""; VariantName = "[No Variations]"
Add component (AddParameter): Name = "Tolerance"; Value = "1%"; VariantName = "[No Variations]"
Add component (AddParameter): Name = "Value"; Value = "330"; VariantName = "[No Variations]"
Add component (AddParameter): Name = "Voltage Rating"; Value = ""; VariantName = "[No Variations]"
Added Component: Designator=R10(0805贴片电容)
Add component (AddParameter): Name = "Case/Package"; Value = "0402"; VariantName = "[No Variations]"
Add component (AddParameter): Name = "Max Operating Temperature"; Value = ""; VariantName = "[No Variations]"
Add component (AddParameter): Name = "Min Operating Temperature"; Value = ""; VariantName = "[No Variations]"
Add component (AddParameter): Name = "Mounting Technology"; Value = "SMT"; VariantName = "[No Variations]"
Add component (AddParameter): Name = "Pins"; Value = "2"; VariantName = "[No Variations]"
Add component (AddParameter): Name = "Power"; Value = "63mW"; VariantName = "[No Variations]"
Add component (AddParameter): Name = "RoHS Compliant"; Value = ""; VariantName = "[No Variations]"
Add component (AddParameter): Name = "Tolerance"; Value = "1%"; VariantName = "[No Variations]"
Add component (AddParameter): Name = "Value"; Value = "330"; VariantName = "[No Variations]"
Add component (AddParameter): Name = "Voltage Rating"; Value = ""; VariantName = "[No Variations]"
Added Pin To Net: NetName=STRAIN_S+ Pin=R7-1
Added Pin To Net: NetName=STRAIN_E- Pin=R7-2
Added Pin To Net: NetName=STRAIN_S- Pin=R8-1
Added Pin To Net: NetName=STRAIN_E- Pin=R8-2
Added Pin To Net: NetName=STRAIN_E+ Pin=R9-1
Added Pin To Net: NetName=STRAIN_S+ Pin=R9-2
Added Pin To Net: NetName=STRAIN_E+ Pin=R10-1
Added Pin To Net: NetName=STRAIN_S- Pin=R10-2
Added Pin To Net: NetName=NetU9_1 Pin=U9-1
Added Pin To Net: NetName=NetU9_2 Pin=U9-2
Added Member To Class: ClassName=Board Member=Component P1 4P
Added Member To Class: ClassName=Board Member=Component P2 4P
Added Member To Class: ClassName=Board Member=Component P3 4P
Added Member To Class: ClassName=Board Member=Component P4 4P
Added Member To Class: ClassName=Board Member=Component P5 4P
Added Member To Class: ClassName=Board Member=Component P6 4P
Added Member To Class: ClassName=Board Member=Component P7 4P
Added Member To Class: ClassName=Board Member=Component P8 4P
Added Member To Class: ClassName=Board Member=Component P9 4P
Added Member To Class: ClassName=Board Member=Component P10 4P
Added Member To Class: ClassName=Board Member=Component P11 4P
Added Member To Class: ClassName=Board Member=Component P12 4P
Added Member To Class: ClassName=Board Member=Component P13 4P
Added Member To Class: ClassName=Board Member=Component P14 4P
Added Member To Class: ClassName=Board Member=Component P15 4P
Added Member To Class: ClassName=Board Member=Component P16 4P
Added Member To Class: ClassName=Board Member=Component P17 4P
Added Member To Class: ClassName=Board Member=Component P18 4P
Added Member To Class: ClassName=Board Member=Component P19 4P
Added Member To Class: ClassName=Board Member=Component P20 4P
Added Member To Class: ClassName=Board Member=Component P21 4P
Added Member To Class: ClassName=Board Member=Component R7 4D7KR2F
Added Member To Class: ClassName=Board Member=Component R8 4D7KR2F
Added Member To Class: ClassName=Board Member=Component R9 4D7KR2F
Added Member To Class: ClassName=Board Member=Component R10 4D7KR2F
