Change Component Designator: OldDesignator=51单片机主控MCU NewDesignator=U1
Add Component: Footprint Not Found CAPC1005X56X25LL10T15
Add Component: Footprint Not Found CAPC1005X56X25LL10T15
Add Component: Footprint Not Found CAPC1005X56X25LL10T15
Add Component: Footprint Not Found CAPC1005X56X25LL10T15
Add Component: Footprint Not Found CAPC1005X56X25LL10T15
Add Component: Footprint Not Found CAPC1005X56X25LL10T15
Add Component: Footprint Not Found CAPC1005X56X25LL10T15
Add Component: Footprint Not Found CAPC1005X56X25LL10T15
Add Component: Footprint Not Found CAPC1005X56X25LL10T15
Add Component: Footprint Not Found CAPC1005X56X25LL10T15
Add Component: Footprint Not Found CAPC1005X56X25LL10T15
Add Component: Footprint Not Found CAPC1005X56X25LL10T15
Add Component: Footprint Not Found CAPC1005X56X25LL10T15
Add Component: Footprint Not Found CAPC1005X56X25LL10T15
Add Component: Footprint Not Found CAPC1005X56X25LL10T15
Add Component: Footprint Not Found CAPC1005X56X25LL10T15
Add Component: Footprint Not Found CAPC1005X56X25LL10T15
Add Component: Footprint Not Found CAPC1005X56X25LL10T15
Add Component: Footprint Not Found CAPC1005X56X25LL10T15
Add Component: Footprint Not Found CAPC1005X56X25LL10T15
Add Component: Footprint Not Found CAPC1005X56X25LL10T15
Add Component: Footprint Not Found CAPC1005X56X25LL10T15
Add Component: Footprint Not Found CAPC1005X56X25LL10T15
Add Component: Footprint Not Found CAPC1005X56X25LL10T15
Added Component: Designator=LED1(封装.SK6812SIDE-A)
Add component (AddParameter): Name = "Design Item ID"; Value = "SK6812SIDE-A"; VariantName = "[No Variations]"
Add component (AddParameter): Name = "Source"; Value = "IC.SchLib"; VariantName = "[No Variations]"
Added Component: Designator=LED2(封装.SK6812SIDE-A)
Add component (AddParameter): Name = "Design Item ID"; Value = "SK6812SIDE-A"; VariantName = "[No Variations]"
Add component (AddParameter): Name = "Source"; Value = "IC.SchLib"; VariantName = "[No Variations]"
Added Component: Designator=LED3(封装.SK6812SIDE-A)
Add component (AddParameter): Name = "Design Item ID"; Value = "SK6812SIDE-A"; VariantName = "[No Variations]"
Add component (AddParameter): Name = "Source"; Value = "IC.SchLib"; VariantName = "[No Variations]"
Added Component: Designator=LED4(封装.SK6812SIDE-A)
Add component (AddParameter): Name = "Design Item ID"; Value = "SK6812SIDE-A"; VariantName = "[No Variations]"
Add component (AddParameter): Name = "Source"; Value = "IC.SchLib"; VariantName = "[No Variations]"
Added Component: Designator=LED5(封装.SK6812SIDE-A)
Add component (AddParameter): Name = "Design Item ID"; Value = "SK6812SIDE-A"; VariantName = "[No Variations]"
Add component (AddParameter): Name = "Source"; Value = "IC.SchLib"; VariantName = "[No Variations]"
Added Component: Designator=LED6(封装.SK6812SIDE-A)
Add component (AddParameter): Name = "Design Item ID"; Value = "SK6812SIDE-A"; VariantName = "[No Variations]"
Add component (AddParameter): Name = "Source"; Value = "IC.SchLib"; VariantName = "[No Variations]"
Added Component: Designator=LED7(封装.SK6812SIDE-A)
Add component (AddParameter): Name = "Design Item ID"; Value = "SK6812SIDE-A"; VariantName = "[No Variations]"
Add component (AddParameter): Name = "Source"; Value = "IC.SchLib"; VariantName = "[No Variations]"
Added Component: Designator=LED8(封装.SK6812SIDE-A)
Add component (AddParameter): Name = "Design Item ID"; Value = "SK6812SIDE-A"; VariantName = "[No Variations]"
Add component (AddParameter): Name = "Source"; Value = "IC.SchLib"; VariantName = "[No Variations]"
Added Component: Designator=U4(封装.MT6701)
Add component (AddParameter): Name = "Design Item ID"; Value = "MT6701"; VariantName = "[No Variations]"
Add component (AddParameter): Name = "Source"; Value = "IC.SchLib"; VariantName = "[No Variations]"
Add Pin To Net: Unknown Pin: Pin C0-1
Add Pin To Net: Unknown Pin: Pin C0-2
Add Pin To Net: Unknown Pin: Pin C1-1
Add Pin To Net: Unknown Pin: Pin C1-2
Add Pin To Net: Unknown Pin: Pin C2-1
Add Pin To Net: Unknown Pin: Pin C2-2
Add Pin To Net: Unknown Pin: Pin C3-1
Add Pin To Net: Unknown Pin: Pin C3-2
Add Pin To Net: Unknown Pin: Pin C4-1
Add Pin To Net: Unknown Pin: Pin C4-2
Add Pin To Net: Unknown Pin: Pin C5-1
Add Pin To Net: Unknown Pin: Pin C5-2
Add Pin To Net: Unknown Pin: Pin C6-1
Add Pin To Net: Unknown Pin: Pin C6-2
Add Pin To Net: Unknown Pin: Pin C7-1
Add Pin To Net: Unknown Pin: Pin C7-2
Add Pin To Net: Unknown Pin: Pin C8-1
Add Pin To Net: Unknown Pin: Pin C8-2
Add Pin To Net: Unknown Pin: Pin C9-1
Add Pin To Net: Unknown Pin: Pin C9-2
Add Pin To Net: Unknown Pin: Pin C10-1
Add Pin To Net: Unknown Pin: Pin C10-2
Add Pin To Net: Unknown Pin: Pin C11-1
Add Pin To Net: Unknown Pin: Pin C11-2
Add Pin To Net: Unknown Pin: Pin C12-1
Add Pin To Net: Unknown Pin: Pin C12-2
Add Pin To Net: Unknown Pin: Pin C13-1
Add Pin To Net: Unknown Pin: Pin C13-2
Add Pin To Net: Unknown Pin: Pin C14-1
Add Pin To Net: Unknown Pin: Pin C14-2
Add Pin To Net: Unknown Pin: Pin C15-1
Add Pin To Net: Unknown Pin: Pin C15-2
Add Pin To Net: Unknown Pin: Pin C16-1
Add Pin To Net: Unknown Pin: Pin C16-2
Add Pin To Net: Unknown Pin: Pin C17-1
Add Pin To Net: Unknown Pin: Pin C17-2
Add Pin To Net: Unknown Pin: Pin C18-1
Add Pin To Net: Unknown Pin: Pin C18-2
Add Pin To Net: Unknown Pin: Pin C19-1
Add Pin To Net: Unknown Pin: Pin C19-2
Add Pin To Net: Unknown Pin: Pin C20-1
Add Pin To Net: Unknown Pin: Pin C20-2
Add Pin To Net: Unknown Pin: Pin C21-1
Add Pin To Net: Unknown Pin: Pin C21-2
Add Pin To Net: Unknown Pin: Pin Cin-1
Add Pin To Net: Unknown Pin: Pin Cin-2
Add Pin To Net: Unknown Pin: Pin Cout-1
Add Pin To Net: Unknown Pin: Pin Cout-2
Add Pin To Net: Unknown Pin: Pin LED1-1
Add Pin To Net: Unknown Pin: Pin LED1-2
Add Pin To Net: Unknown Pin: Pin LED1-3
Add Pin To Net: Unknown Pin: Pin LED1-4
Add Pin To Net: Unknown Pin: Pin LED2-1
Add Pin To Net: Unknown Pin: Pin LED2-2
Add Pin To Net: Unknown Pin: Pin LED2-3
Add Pin To Net: Unknown Pin: Pin LED2-4
Add Pin To Net: Unknown Pin: Pin LED3-1
Add Pin To Net: Unknown Pin: Pin LED3-2
Add Pin To Net: Unknown Pin: Pin LED3-3
Add Pin To Net: Unknown Pin: Pin LED3-4
Add Pin To Net: Unknown Pin: Pin LED4-1
Add Pin To Net: Unknown Pin: Pin LED4-2
Add Pin To Net: Unknown Pin: Pin LED4-3
Add Pin To Net: Unknown Pin: Pin LED4-4
Add Pin To Net: Unknown Pin: Pin LED5-1
Add Pin To Net: Unknown Pin: Pin LED5-2
Add Pin To Net: Unknown Pin: Pin LED5-3
Add Pin To Net: Unknown Pin: Pin LED5-4
Add Pin To Net: Unknown Pin: Pin LED6-1
Add Pin To Net: Unknown Pin: Pin LED6-2
Add Pin To Net: Unknown Pin: Pin LED6-3
Add Pin To Net: Unknown Pin: Pin LED6-4
Add Pin To Net: Unknown Pin: Pin LED7-1
Add Pin To Net: Unknown Pin: Pin LED7-2
Add Pin To Net: Unknown Pin: Pin LED7-3
Add Pin To Net: Unknown Pin: Pin LED7-4
Add Pin To Net: Unknown Pin: Pin LED8-1
Add Pin To Net: Unknown Pin: Pin LED8-2
Add Pin To Net: Unknown Pin: Pin LED8-4
Add Pin To Net: Unknown Pin: Pin TMC1-2
Add Pin To Net: Unknown Pin: Pin TMC1-3
Add Pin To Net: Unknown Pin: Pin TMC1-4
Add Pin To Net: Unknown Pin: Pin TMC1-5
Add Pin To Net: Unknown Pin: Pin TMC1-6
Add Pin To Net: Unknown Pin: Pin TMC1-7
Add Pin To Net: Unknown Pin: Pin TMC1-8
Add Pin To Net: Unknown Pin: Pin TMC1-9
Add Pin To Net: Unknown Pin: Pin TMC1-10
Add Pin To Net: Unknown Pin: Pin TMC1-11
Add Pin To Net: Unknown Pin: Pin TMC1-12
Add Pin To Net: Unknown Pin: Pin TMC1-13
Add Pin To Net: Unknown Pin: Pin TMC1-14
Add Pin To Net: Unknown Pin: Pin TMC1-16
Add Pin To Net: Unknown Pin: Pin TMC1-18
Add Pin To Net: Unknown Pin: Pin TMC1-20
Add Pin To Net: Unknown Pin: Pin TMC1-PAD
Added Pin To Net: NetName=+3.3V Pin=U4-1
Added Pin To Net: NetName=+3.3V Pin=U4-2
Added Pin To Net: NetName=STRAIN_E- Pin=U4-4
Added Pin To Net: NetName=MAG_CSN Pin=U4-6
Added Pin To Net: NetName=MAG_CLK Pin=U4-7
Added Pin To Net: NetName=MAG_DO Pin=U4-8
Add Pin To Net: Unknown Pin: Pin U7-1
Add Pin To Net: Unknown Pin: Pin U7-2
Add Pin To Net: Unknown Pin: Pin U7-3
Add Pin To Net: Unknown Pin: Pin U7-4
Add Class Member: Failed to add class member : Component C0 Capacitor 0.1 uF +/- 5% 16 V 0402
Add Class Member: Failed to add class member : Component C1 Capacitor 0.1 uF +/- 5% 16 V 0402
Add Class Member: Failed to add class member : Component C2 Capacitor 0.1 uF +/- 5% 16 V 0402
Add Class Member: Failed to add class member : Component C3 Capacitor 0.1 uF +/- 5% 16 V 0402
Add Class Member: Failed to add class member : Component C4 Capacitor 0.1 uF +/- 5% 16 V 0402
Add Class Member: Failed to add class member : Component C5 Capacitor 0.1 uF +/- 5% 16 V 0402
Add Class Member: Failed to add class member : Component C6 Capacitor 0.1 uF +/- 5% 16 V 0402
Add Class Member: Failed to add class member : Component C7 Capacitor 0.1 uF +/- 5% 16 V 0402
Add Class Member: Failed to add class member : Component C8 Capacitor 0.1 uF +/- 5% 16 V 0402
Add Class Member: Failed to add class member : Component C9 Capacitor 0.1 uF +/- 5% 16 V 0402
Add Class Member: Failed to add class member : Component C10 Capacitor 0.1 uF +/- 5% 16 V 0402
Add Class Member: Failed to add class member : Component C11 Capacitor 0.1 uF +/- 5% 16 V 0402
Add Class Member: Failed to add class member : Component C12 Capacitor 0.1 uF +/- 5% 16 V 0402
Add Class Member: Failed to add class member : Component C13 Capacitor 0.1 uF +/- 5% 16 V 0402
Add Class Member: Failed to add class member : Component C14 Capacitor 0.1 uF +/- 5% 16 V 0402
Add Class Member: Failed to add class member : Component C15 Capacitor 0.1 uF +/- 5% 16 V 0402
Add Class Member: Failed to add class member : Component C16 Capacitor 0.1 uF +/- 5% 16 V 0402
Add Class Member: Failed to add class member : Component C17 Capacitor 0.1 uF +/- 5% 16 V 0402
Add Class Member: Failed to add class member : Component C18 Capacitor 0.1 uF +/- 5% 16 V 0402
Add Class Member: Failed to add class member : Component C19 Capacitor 0.1 uF +/- 5% 16 V 0402
Add Class Member: Failed to add class member : Component C20 Capacitor 0.1 uF +/- 5% 16 V 0402
Add Class Member: Failed to add class member : Component C21 Capacitor 0.1 uF +/- 5% 16 V 0402
Add Class Member: Failed to add class member : Component Cin Capacitor 0.1 uF +/- 5% 16 V 0402
Add Class Member: Failed to add class member : Component Cout Capacitor 0.1 uF +/- 5% 16 V 0402
Added Member To Class: ClassName=Schematic Member=Component LED1 SK6812SIDE-A
Added Member To Class: ClassName=Schematic Member=Component LED2 SK6812SIDE-A
Added Member To Class: ClassName=Schematic Member=Component LED3 SK6812SIDE-A
Added Member To Class: ClassName=Schematic Member=Component LED4 SK6812SIDE-A
Added Member To Class: ClassName=Schematic Member=Component LED5 SK6812SIDE-A
Added Member To Class: ClassName=Schematic Member=Component LED6 SK6812SIDE-A
Added Member To Class: ClassName=Schematic Member=Component LED7 SK6812SIDE-A
Added Member To Class: ClassName=Schematic Member=Component LED8 SK6812SIDE-A
Add Class Member: Failed to add class member : Component TMC1 U2
Added Member To Class: ClassName=Schematic Member=Component U4 MT6701
Add Class Member: Failed to add class member : Component U7 USB
