Add Component: Footprint Not Found CAPC1005X56X25LL10T15
Add Component: Footprint Not Found CAPC1005X56X25LL10T15
Add Component: Footprint Not Found CAPC1005X56X25LL10T15
Add Component: Footprint Not Found CAPC1005X56X25LL10T15
Add Component: Footprint Not Found CAPC1005X56X25LL10T15
Add Component: Footprint Not Found CAPC1005X56X25LL10T15
Add Component: Footprint Not Found CAPC1005X56X25LL10T15
Add Component: Footprint Not Found CAPC1005X56X25LL10T15
Add Component: Footprint Not Found CAPC1005X56X25LL10T15
Add Component: Footprint Not Found CAPC1005X56X25LL10T15
Add Component: Footprint Not Found CAPC1005X56X25LL10T15
Add Component: Footprint Not Found CAPC1005X56X25LL10T15
Add Component: Footprint Not Found CAPC1005X56X25LL10T15
Add Component: Footprint Not Found CAPC1005X56X25LL10T15
Add Component: Footprint Not Found CAPC1005X56X25LL10T15
Add Component: Footprint Not Found CAPC1005X56X25LL10T15
Add Component: Footprint Not Found CAPC1005X56X25LL10T15
Add Component: Footprint Not Found CAPC1005X56X25LL10T15
Add Component: Footprint Not Found CAPC1005X56X25LL10T15
Add Component: Footprint Not Found CAPC1005X56X25LL10T15
Add Component: Footprint Not Found CAPC1005X56X25LL10T15
Add Component: Footprint Not Found CAPC1005X56X25LL10T15
Add Component: Footprint Not Found CAPC1005X56X25LL10T15
Add Component: Footprint Not Found CAPC1005X56X25LL10T15
Add Pin To Net: Unknown Pin: Pin *-1
Add Pin To Net: Unknown Pin: Pin *-2
Add Pin To Net: Unknown Pin: Pin C0-1
Add Pin To Net: Unknown Pin: Pin C0-2
Add Pin To Net: Unknown Pin: Pin C1-1
Add Pin To Net: Unknown Pin: Pin C1-2
Add Pin To Net: Unknown Pin: Pin C2-1
Add Pin To Net: Unknown Pin: Pin C2-2
Add Pin To Net: Unknown Pin: Pin C3-1
Add Pin To Net: Unknown Pin: Pin C3-2
Add Pin To Net: Unknown Pin: Pin C4-1
Add Pin To Net: Unknown Pin: Pin C4-2
Add Pin To Net: Unknown Pin: Pin C5-1
Add Pin To Net: Unknown Pin: Pin C5-2
Add Pin To Net: Unknown Pin: Pin C6-1
Add Pin To Net: Unknown Pin: Pin C6-2
Add Pin To Net: Unknown Pin: Pin C7-1
Add Pin To Net: Unknown Pin: Pin C7-2
Add Pin To Net: Unknown Pin: Pin C8-1
Add Pin To Net: Unknown Pin: Pin C8-2
Add Pin To Net: Unknown Pin: Pin C9-1
Add Pin To Net: Unknown Pin: Pin C9-2
Add Pin To Net: Unknown Pin: Pin C10-1
Add Pin To Net: Unknown Pin: Pin C10-2
Add Pin To Net: Unknown Pin: Pin C11-1
Add Pin To Net: Unknown Pin: Pin C11-2
Add Pin To Net: Unknown Pin: Pin C12-1
Add Pin To Net: Unknown Pin: Pin C12-2
Add Pin To Net: Unknown Pin: Pin C13-1
Add Pin To Net: Unknown Pin: Pin C13-2
Add Pin To Net: Unknown Pin: Pin C14-1
Add Pin To Net: Unknown Pin: Pin C14-2
Add Pin To Net: Unknown Pin: Pin C15-1
Add Pin To Net: Unknown Pin: Pin C15-2
Add Pin To Net: Unknown Pin: Pin C16-1
Add Pin To Net: Unknown Pin: Pin C16-2
Add Pin To Net: Unknown Pin: Pin C17-1
Add Pin To Net: Unknown Pin: Pin C17-2
Add Pin To Net: Unknown Pin: Pin C18-1
Add Pin To Net: Unknown Pin: Pin C18-2
Add Pin To Net: Unknown Pin: Pin C19-1
Add Pin To Net: Unknown Pin: Pin C19-2
Add Pin To Net: Unknown Pin: Pin C20-1
Add Pin To Net: Unknown Pin: Pin C20-2
Add Pin To Net: Unknown Pin: Pin C21-1
Add Pin To Net: Unknown Pin: Pin C21-2
Add Pin To Net: Unknown Pin: Pin Cin-2
Add Pin To Net: Unknown Pin: Pin Cout-2
Add Pin To Net: Unknown Pin: Pin LED1-1
Add Pin To Net: Unknown Pin: Pin LED1-2
Add Pin To Net: Unknown Pin: Pin LED1-3
Add Pin To Net: Unknown Pin: Pin LED1-4
Add Pin To Net: Unknown Pin: Pin LED2-1
Add Pin To Net: Unknown Pin: Pin LED2-2
Add Pin To Net: Unknown Pin: Pin LED2-3
Add Pin To Net: Unknown Pin: Pin LED2-4
Add Pin To Net: Unknown Pin: Pin LED3-1
Add Pin To Net: Unknown Pin: Pin LED3-2
Add Pin To Net: Unknown Pin: Pin LED3-3
Add Pin To Net: Unknown Pin: Pin LED3-4
Add Pin To Net: Unknown Pin: Pin LED4-1
Add Pin To Net: Unknown Pin: Pin LED4-2
Add Pin To Net: Unknown Pin: Pin LED4-3
Add Pin To Net: Unknown Pin: Pin LED4-4
Add Pin To Net: Unknown Pin: Pin LED5-1
Add Pin To Net: Unknown Pin: Pin LED5-2
Add Pin To Net: Unknown Pin: Pin LED5-3
Add Pin To Net: Unknown Pin: Pin LED5-4
Add Pin To Net: Unknown Pin: Pin LED6-1
Add Pin To Net: Unknown Pin: Pin LED6-2
Add Pin To Net: Unknown Pin: Pin LED6-3
Add Pin To Net: Unknown Pin: Pin LED6-4
Add Pin To Net: Unknown Pin: Pin LED7-1
Add Pin To Net: Unknown Pin: Pin LED7-2
Add Pin To Net: Unknown Pin: Pin LED7-3
Add Pin To Net: Unknown Pin: Pin LED7-4
Add Pin To Net: Unknown Pin: Pin LED8-1
Add Pin To Net: Unknown Pin: Pin LED8-2
Add Pin To Net: Unknown Pin: Pin LED8-4
Add Pin To Net: Unknown Pin: Pin SN74LV1T34DBV-2
Add Pin To Net: Unknown Pin: Pin SN74LV1T34DBV-3
Add Pin To Net: Unknown Pin: Pin SN74LV1T34DBV-4
Add Pin To Net: Unknown Pin: Pin SN74LV1T34DBV-5
Add Pin To Net: Unknown Pin: Pin TMC1-2
Add Pin To Net: Unknown Pin: Pin TMC1-3
Add Pin To Net: Unknown Pin: Pin TMC1-4
Add Pin To Net: Unknown Pin: Pin TMC1-5
Add Pin To Net: Unknown Pin: Pin TMC1-6
Add Pin To Net: Unknown Pin: Pin TMC1-7
Add Pin To Net: Unknown Pin: Pin TMC1-8
Add Pin To Net: Unknown Pin: Pin TMC1-9
Add Pin To Net: Unknown Pin: Pin TMC1-10
Add Pin To Net: Unknown Pin: Pin TMC1-11
Add Pin To Net: Unknown Pin: Pin TMC1-12
Add Pin To Net: Unknown Pin: Pin TMC1-13
Add Pin To Net: Unknown Pin: Pin TMC1-14
Add Pin To Net: Unknown Pin: Pin TMC1-16
Add Pin To Net: Unknown Pin: Pin TMC1-18
Add Pin To Net: Unknown Pin: Pin TMC1-20
Add Pin To Net: Unknown Pin: Pin TMC1-PAD
Add Pin To Net: Unknown Pin: Pin U0-1
Add Pin To Net: Unknown Pin: Pin U0-2
Add Pin To Net: Unknown Pin: Pin U0-3
Add Pin To Net: Unknown Pin: Pin U0-4
Add Pin To Net: Unknown Pin: Pin U1-10
Add Pin To Net: Unknown Pin: Pin U1-11
Add Pin To Net: Unknown Pin: Pin U1-21
Add Pin To Net: Unknown Pin: Pin U1-22
Add Pin To Net: Unknown Pin: Pin U1-23
Add Pin To Net: Unknown Pin: Pin U1-24
Add Pin To Net: Unknown Pin: Pin U1-25
Add Pin To Net: Unknown Pin: Pin U1-26
Add Pin To Net: Unknown Pin: Pin U1-27
Add Pin To Net: Unknown Pin: Pin U1-28
Add Pin To Net: Unknown Pin: Pin U1-33
Add Pin To Net: Unknown Pin: Pin U1-34
Add Pin To Net: Unknown Pin: Pin U1-35
Add Pin To Net: Unknown Pin: Pin U1-36
Add Pin To Net: Unknown Pin: Pin U1-37
Add Pin To Net: Unknown Pin: Pin U1-38
Add Pin To Net: Unknown Pin: Pin U1-39
Add Pin To Net: Unknown Pin: Pin U3-1
Add Pin To Net: Unknown Pin: Pin U3-2
Add Pin To Net: Unknown Pin: Pin U3-3
Add Pin To Net: Unknown Pin: Pin U3-4
Add Pin To Net: Unknown Pin: Pin Ux-1
Add Pin To Net: Unknown Pin: Pin Ux-2
Add Pin To Net: Unknown Pin: Pin Ux-3
Add Pin To Net: Unknown Pin: Pin Ux-4
Add Pin To Net: Unknown Pin: Pin Ux-5
Add Pin To Net: Unknown Pin: Pin Ux-6
Add Pin To Net: Unknown Pin: Pin Ux-7
Add Pin To Net: Unknown Pin: Pin Ux-8
Add Pin To Net: Unknown Pin: Pin Ux-9
Add Pin To Net: Unknown Pin: Pin Ux-10
Add Pin To Net: Unknown Pin: Pin Ux-11
Add Pin To Net: Unknown Pin: Pin Ux-12
Add Pin To Net: Unknown Pin: Pin Ux-14
Add Pin To Net: Unknown Pin: Pin Ux-15
Add Pin To Net: Unknown Pin: Pin Ux-16
Add Pin To Net: Unknown Pin: Pin 差分霍尔磁性角度传感器-1
Add Pin To Net: Unknown Pin: Pin 差分霍尔磁性角度传感器-2
Add Pin To Net: Unknown Pin: Pin 差分霍尔磁性角度传感器-4
Add Pin To Net: Unknown Pin: Pin 差分霍尔磁性角度传感器-6
Add Pin To Net: Unknown Pin: Pin 差分霍尔磁性角度传感器-7
Add Pin To Net: Unknown Pin: Pin 差分霍尔磁性角度传感器-8
Add Class Member: Failed to add class member : Component * AP2114HA-3.3
Add Class Member: Failed to add class member : Component C0 Capacitor 0.1 uF +/- 5% 16 V 0402
Add Class Member: Failed to add class member : Component C1 Capacitor 0.1 uF +/- 5% 16 V 0402
Add Class Member: Failed to add class member : Component C2 Capacitor 0.1 uF +/- 5% 16 V 0402
Add Class Member: Failed to add class member : Component C3 Capacitor 0.1 uF +/- 5% 16 V 0402
Add Class Member: Failed to add class member : Component C4 Capacitor 0.1 uF +/- 5% 16 V 0402
Add Class Member: Failed to add class member : Component C5 Capacitor 0.1 uF +/- 5% 16 V 0402
Add Class Member: Failed to add class member : Component C6 Capacitor 0.1 uF +/- 5% 16 V 0402
Add Class Member: Failed to add class member : Component C7 Capacitor 0.1 uF +/- 5% 16 V 0402
Add Class Member: Failed to add class member : Component C8 Capacitor 0.1 uF +/- 5% 16 V 0402
Add Class Member: Failed to add class member : Component C9 Capacitor 0.1 uF +/- 5% 16 V 0402
Add Class Member: Failed to add class member : Component C10 Capacitor 0.1 uF +/- 5% 16 V 0402
Add Class Member: Failed to add class member : Component C11 Capacitor 0.1 uF +/- 5% 16 V 0402
Add Class Member: Failed to add class member : Component C12 Capacitor 0.1 uF +/- 5% 16 V 0402
Add Class Member: Failed to add class member : Component C13 Capacitor 0.1 uF +/- 5% 16 V 0402
Add Class Member: Failed to add class member : Component C14 Capacitor 0.1 uF +/- 5% 16 V 0402
Add Class Member: Failed to add class member : Component C15 Capacitor 0.1 uF +/- 5% 16 V 0402
Add Class Member: Failed to add class member : Component C16 Capacitor 0.1 uF +/- 5% 16 V 0402
Add Class Member: Failed to add class member : Component C17 Capacitor 0.1 uF +/- 5% 16 V 0402
Add Class Member: Failed to add class member : Component C18 Capacitor 0.1 uF +/- 5% 16 V 0402
Add Class Member: Failed to add class member : Component C19 Capacitor 0.1 uF +/- 5% 16 V 0402
Add Class Member: Failed to add class member : Component C20 Capacitor 0.1 uF +/- 5% 16 V 0402
Add Class Member: Failed to add class member : Component C21 Capacitor 0.1 uF +/- 5% 16 V 0402
Add Class Member: Failed to add class member : Component Cin Capacitor 0.1 uF +/- 5% 16 V 0402
Add Class Member: Failed to add class member : Component Cout Capacitor 0.1 uF +/- 5% 16 V 0402
Add Class Member: Failed to add class member : Component LED1 SK6812SIDE-A
Add Class Member: Failed to add class member : Component LED2 SK6812SIDE-A
Add Class Member: Failed to add class member : Component LED3 SK6812SIDE-A
Add Class Member: Failed to add class member : Component LED4 SK6812SIDE-A
Add Class Member: Failed to add class member : Component LED5 SK6812SIDE-A
Add Class Member: Failed to add class member : Component LED6 SK6812SIDE-A
Add Class Member: Failed to add class member : Component LED7 SK6812SIDE-A
Add Class Member: Failed to add class member : Component LED8 SK6812SIDE-A
Add Class Member: Failed to add class member : Component SN74LV1T34DBV
Add Class Member: Failed to add class member : Component TMC1 U2
Add Class Member: Failed to add class member : Component U0 VEML7700
Add Class Member: Failed to add class member : Component U1 STC89C51-PDIP-40
Add Class Member: Failed to add class member : Component U3 USB
Add Class Member: Failed to add class member : Component Ux HX711
Add Class Member: Failed to add class member : Component 差分霍尔磁性角度传感器 MT6701
